<component name="libraryTable">
  <library name="junit-4.12">
    <ANNOTATIONS>
      <root url="file://$PROJECT_DIR$/../sparql-plugin-master/sparql-plugin-master" />
    </ANNOTATIONS>
    <CLASSES>
      <root url="jar://$PROJECT_DIR$/../sparql-plugin-master/sparql-plugin-master/libs/junit-4.12.jar!/" />
    </CLASSES>
    <JAVADOC />
    <SOURCES />
  </library>
</component>